c:\users\nicolas\downloads\math\mathlib\mathlib\debug\vc140.pdb
c:\users\nicolas\downloads\math\mathlib\mathlib\debug\vc140.idb
c:\users\nicolas\downloads\math\mathlib\mathlib\debug\dllmain.obj
c:\users\nicolas\downloads\math\mathlib\mathlib\debug\mathlib.obj
c:\users\nicolas\downloads\math\mathlib\mathlib\debug\stdafx.obj
d:\esgi\maths\avance\esgi5a-mathlib\mathlib\mathlib\debug\vc140.pdb
d:\esgi\maths\avance\esgi5a-mathlib\mathlib\mathlib\debug\vc140.idb
d:\esgi\maths\avance\esgi5a-mathlib\mathlib\mathlib\debug\dllmain.obj
d:\esgi\maths\avance\esgi5a-mathlib\mathlib\mathlib\debug\stdafx.obj
c:\users\nicolas\downloads\math\mathlib\debug\mathlib.ilk
c:\users\nicolas\downloads\math\mathlib\debug\mathlib.dll
c:\users\nicolas\downloads\math\mathlib\debug\mathlib.pdb
c:\users\nicolas\downloads\math\mathlib\debug\mathlib.lib
c:\users\nicolas\downloads\math\mathlib\debug\mathlib.exp
d:\esgi\maths\avance\esgi5a-mathlib\mathlib\mathlib\debug\mathlib.tlog\cl.command.1.tlog
d:\esgi\maths\avance\esgi5a-mathlib\mathlib\mathlib\debug\mathlib.tlog\cl.read.1.tlog
d:\esgi\maths\avance\esgi5a-mathlib\mathlib\mathlib\debug\mathlib.tlog\cl.write.1.tlog
d:\esgi\maths\avance\esgi5a-mathlib\mathlib\mathlib\debug\mathlib.tlog\link.command.1.tlog
d:\esgi\maths\avance\esgi5a-mathlib\mathlib\mathlib\debug\mathlib.tlog\link.read.1.tlog
d:\esgi\maths\avance\esgi5a-mathlib\mathlib\mathlib\debug\mathlib.tlog\link.write.1.tlog
d:\esgi\maths\avance\esgi5a-mathlib\mathlib\mathlib\debug\mathlib.tlog\mathlib.write.1u.tlog
