Build started 09/12/2017 11:30:04.
     1>Project "D:\Utilisateurs\Downloads\esgi5a-mathlib\MathLib\MathLib\MathLib.vcxproj" on node 2 (Build target(s)).
     1>ClCompile:
         C:\Program Files (x86)\Microsoft Visual Studio 14.0\VC\bin\CL.exe /c /I..\..\glm /ZI /nologo /W3 /WX- /Od /Oy- /D WIN32 /D _DEBUG /D _WINDOWS /D _USRDLL /D MATHLIB_EXPORTS /D _WINDLL /D _UNICODE /D UNICODE /Gm /EHsc /RTC1 /MDd /GS /fp:precise /Zc:wchar_t /Zc:forScope /Zc:inline /Fo"Debug\\" /Fd"Debug\vc140.pdb" /Gd /TP /analyze- /errorReport:prompt dllmain.cpp
         dllmain.cpp
         C:\Program Files (x86)\Microsoft Visual Studio 14.0\VC\bin\CL.exe /c /I..\..\glm /ZI /nologo /W3 /WX- /Od /Oy- /D WIN32 /D _DEBUG /D _WINDOWS /D _USRDLL /D MATHLIB_EXPORTS /D _WINDLL /D _UNICODE /D UNICODE /Gm /EHsc /RTC1 /MDd /GS /fp:precise /Zc:wchar_t /Zc:forScope /Zc:inline /Fo"Debug\\" /Fd"Debug\vc140.pdb" /Gd /TP /analyze- /errorReport:prompt MathLib.cpp stdafx.cpp Utils.cpp
         Utils.cpp
     1>d:\utilisateurs\downloads\esgi5a-mathlib\mathlib\mathlib\utils.cpp(22): warning C4305: '+=': truncation from 'double' to 'float'
     1>d:\utilisateurs\downloads\esgi5a-mathlib\mathlib\mathlib\utils.cpp(53): warning C4018: '<': signed/unsigned mismatch
     1>d:\utilisateurs\downloads\esgi5a-mathlib\mathlib\mathlib\utils.cpp(60): warning C4018: '<': signed/unsigned mismatch
     1>d:\utilisateurs\downloads\esgi5a-mathlib\mathlib\mathlib\utils.cpp(67): warning C4018: '<': signed/unsigned mismatch
         stdafx.cpp
         MathLib.cpp
         Generating Code...
       Link:
         C:\Program Files (x86)\Microsoft Visual Studio 14.0\VC\bin\link.exe /ERRORREPORT:PROMPT /OUT:"D:\Utilisateurs\Downloads\esgi5a-mathlib\MathLib\Debug\MathLib.dll" /INCREMENTAL /NOLOGO kernel32.lib user32.lib gdi32.lib winspool.lib comdlg32.lib advapi32.lib shell32.lib ole32.lib oleaut32.lib uuid.lib odbc32.lib odbccp32.lib /MANIFEST /MANIFESTUAC:"level='asInvoker' uiAccess='false'" /manifest:embed /Debug /PDB:"D:\Utilisateurs\Downloads\esgi5a-mathlib\MathLib\Debug\MathLib.pdb" /SUBSYSTEM:WINDOWS /TLBID:1 /DYNAMICBASE /NXCOMPAT /IMPLIB:"D:\Utilisateurs\Downloads\esgi5a-mathlib\MathLib\Debug\MathLib.lib" /MACHINE:X86 /DLL Debug\dllmain.obj
         Debug\MathLib.obj
         Debug\stdafx.obj
         Debug\Utils.obj
            Creating library D:\Utilisateurs\Downloads\esgi5a-mathlib\MathLib\Debug\MathLib.lib and object D:\Utilisateurs\Downloads\esgi5a-mathlib\MathLib\Debug\MathLib.exp
         MathLib.vcxproj -> D:\Utilisateurs\Downloads\esgi5a-mathlib\MathLib\Debug\MathLib.dll
     1>Done Building Project "D:\Utilisateurs\Downloads\esgi5a-mathlib\MathLib\MathLib\MathLib.vcxproj" (Build target(s)).

Build succeeded.

Time Elapsed 00:00:02.28
