Build started 09/12/2017 11:30:10.
     1>Project "D:\Utilisateurs\Downloads\esgi5a-mathlib\MathLib\MathLib\MathLib.vcxproj" on node 2 (Build target(s)).
     1>ClCompile:
         C:\Program Files (x86)\Microsoft Visual Studio 14.0\VC\bin\x86_amd64\CL.exe /c /I..\..\glm /ZI /nologo /W3 /WX- /Od /D _DEBUG /D _WINDOWS /D _USRDLL /D MATHLIB_EXPORTS /D _WINDLL /D _UNICODE /D UNICODE /Gm /EHsc /RTC1 /MDd /GS /fp:precise /Zc:wchar_t /Zc:forScope /Zc:inline /Fo"x64\Debug\\" /Fd"x64\Debug\vc140.pdb" /Gd /TP /errorReport:prompt dllmain.cpp
         dllmain.cpp
         C:\Program Files (x86)\Microsoft Visual Studio 14.0\VC\bin\x86_amd64\CL.exe /c /I..\..\glm /ZI /nologo /W3 /WX- /Od /D _DEBUG /D _WINDOWS /D _USRDLL /D MATHLIB_EXPORTS /D _WINDLL /D _UNICODE /D UNICODE /Gm /EHsc /RTC1 /MDd /GS /fp:precise /Zc:wchar_t /Zc:forScope /Zc:inline /Fo"x64\Debug\\" /Fd"x64\Debug\vc140.pdb" /Gd /TP /errorReport:prompt MathLib.cpp stdafx.cpp Utils.cpp
         Utils.cpp
     1>d:\utilisateurs\downloads\esgi5a-mathlib\mathlib\mathlib\utils.cpp(22): warning C4305: '+=': truncation from 'double' to 'float'
     1>d:\utilisateurs\downloads\esgi5a-mathlib\mathlib\mathlib\utils.cpp(43): warning C4267: 'initializing': conversion from 'size_t' to 'int', possible loss of data
         stdafx.cpp
         MathLib.cpp
     1>d:\utilisateurs\downloads\esgi5a-mathlib\mathlib\mathlib\mathlib.cpp(74): warning C4267: '=': conversion from 'size_t' to 'int', possible loss of data
     1>d:\utilisateurs\downloads\esgi5a-mathlib\mathlib\mathlib\mathlib.cpp(141): warning C4267: '=': conversion from 'size_t' to 'int', possible loss of data
         Generating Code...
       Link:
         C:\Program Files (x86)\Microsoft Visual Studio 14.0\VC\bin\x86_amd64\link.exe /ERRORREPORT:PROMPT /OUT:"D:\Utilisateurs\Downloads\esgi5a-mathlib\MathLib\x64\Debug\MathLib.dll" /INCREMENTAL /NOLOGO kernel32.lib user32.lib gdi32.lib winspool.lib comdlg32.lib advapi32.lib shell32.lib ole32.lib oleaut32.lib uuid.lib odbc32.lib odbccp32.lib /MANIFEST /MANIFESTUAC:"level='asInvoker' uiAccess='false'" /manifest:embed /Debug /PDB:"D:\Utilisateurs\Downloads\esgi5a-mathlib\MathLib\x64\Debug\MathLib.pdb" /SUBSYSTEM:WINDOWS /TLBID:1 /DYNAMICBASE /NXCOMPAT /IMPLIB:"D:\Utilisateurs\Downloads\esgi5a-mathlib\MathLib\x64\Debug\MathLib.lib" /MACHINE:X64 /DLL x64\Debug\dllmain.obj
         x64\Debug\MathLib.obj
         x64\Debug\stdafx.obj
         x64\Debug\Utils.obj
            Creating library D:\Utilisateurs\Downloads\esgi5a-mathlib\MathLib\x64\Debug\MathLib.lib and object D:\Utilisateurs\Downloads\esgi5a-mathlib\MathLib\x64\Debug\MathLib.exp
         MathLib.vcxproj -> D:\Utilisateurs\Downloads\esgi5a-mathlib\MathLib\x64\Debug\MathLib.dll
     1>Done Building Project "D:\Utilisateurs\Downloads\esgi5a-mathlib\MathLib\MathLib\MathLib.vcxproj" (Build target(s)).

Build succeeded.

Time Elapsed 00:00:01.68
